<?xml version="1.0" encoding="UTF-8"?>
<!-- Generated by org.testng.reporters.JUnitReportReporter -->
<testsuite skipped="0" hostname="DESKTOP-BMRSO81" name="test.CartTesting" tests="1" failures="0" timestamp="2020-07-19T15:37:08 IST" time="1.344" errors="0">
  <testcase name="addToCart" time="1.344" classname="test.CartTesting"/>
  <system-out/>
</testsuite> <!-- test.CartTesting -->
