<?xml version="1.0" encoding="UTF-8"?>
<!-- Generated by org.testng.reporters.JUnitReportReporter -->
<testsuite skipped="0" hostname="DESKTOP-BMRSO81" name="test.LoginTest" tests="2" failures="0" timestamp="2020-07-19T15:37:08 IST" time="31.563" errors="0">
  <testcase name="login" time="9.764" classname="test.LoginTest"/>
  <system-out/>
  <testcase name="invalidLogin" time="21.799" classname="test.LoginTest"/>
  <system-out/>
</testsuite> <!-- test.LoginTest -->
