<?xml version="1.0" encoding="UTF-8"?>
<!-- Generated by org.testng.reporters.JUnitReportReporter -->
<testsuite skipped="0" hostname="DESKTOP-BMRSO81" name="test.RegistrationTest" tests="1" failures="0" timestamp="2020-07-19T15:37:08 IST" time="11.409" errors="0">
  <testcase name="register" time="11.409" classname="test.RegistrationTest"/>
  <system-out/>
</testsuite> <!-- test.RegistrationTest -->
