<?xml version="1.0" encoding="UTF-8"?>
<!-- Generated by org.testng.reporters.JUnitReportReporter -->
<testsuite skipped="0" hostname="DESKTOP-BMRSO81" name="test.SearchTest" tests="1" failures="0" timestamp="2020-07-19T15:37:08 IST" time="3.667" errors="0">
  <testcase name="searchProduct" time="3.667" classname="test.SearchTest"/>
  <system-out/>
</testsuite> <!-- test.SearchTest -->
