<?xml version="1.0" encoding="UTF-8"?>
<!-- Generated by org.testng.reporters.JUnitReportReporter -->
<testsuite skipped="0" hostname="DESKTOP-BMRSO81" name="RegistrationTest" tests="1" failures="0" timestamp="2020-07-18T18:35:17 IST" time="13.578" errors="0">
  <testcase name="register" time="13.578" classname="RegistrationTest"/>
  <system-out/>
</testsuite> <!-- RegistrationTest -->
